[debug] [2022-11-11T02:24:57.334Z] ----------------------------------------------------------------------
[debug] [2022-11-11T02:24:57.335Z] Command:       C:\Program Files\nodejs\node.exe C:\Users\2234381\AppData\Roaming\npm\node_modules\firebase-tools\lib\bin\firebase.js init
[debug] [2022-11-11T02:24:57.336Z] CLI Version:   11.15.0
[debug] [2022-11-11T02:24:57.336Z] Platform:      win32
[debug] [2022-11-11T02:24:57.336Z] Node Version:  v16.17.1
[debug] [2022-11-11T02:24:57.337Z] Time:          Thu Nov 10 2022 20:24:57 GMT-0600 (Central Standard Time)
[debug] [2022-11-11T02:24:57.337Z] ----------------------------------------------------------------------
[debug] 
[debug] [2022-11-11T02:24:57.415Z] > command requires scopes: ["email","openid","https://www.googleapis.com/auth/cloudplatformprojects.readonly","https://www.googleapis.com/auth/firebase","https://www.googleapis.com/auth/cloud-platform"]
[debug] [2022-11-11T02:24:57.416Z] > authorizing via signed-in user (afangidehisrael@gmail.com)
[info] 
     ######## #### ########  ######## ########     ###     ######  ########
     ##        ##  ##     ## ##       ##     ##  ##   ##  ##       ##
     ######    ##  ########  ######   ########  #########  ######  ######
     ##        ##  ##    ##  ##       ##     ## ##     ##       ## ##
     ##       #### ##     ## ######## ########  ##     ##  ######  ########

You're about to initialize a Firebase project in this directory:

  C:\CurrentProjects\Andikappa\Andi-Kappa-Translator-App-\andikappa\andi-angular

Before we get started, keep in mind:

  * You are currently outside your home directory
  * You are initializing within an existing Firebase project directory

[info] 
=== Project Setup
[info] 
[info] First, let's associate this project directory with a Firebase project.
[info] You can create multiple project aliases by running firebase use --add, 
[info] but for now we'll just set up a default project.
[info] 
[debug] [2022-11-11T02:25:13.866Z] Using project from CLI flag: ifiok-362716
[debug] [2022-11-11T02:25:13.871Z] >>> [apiv2][query] GET https://firebase.googleapis.com/v1beta1/projects/ifiok-362716 [none]
[debug] [2022-11-11T02:25:14.188Z] <<< [apiv2][status] GET https://firebase.googleapis.com/v1beta1/projects/ifiok-362716 200
[debug] [2022-11-11T02:25:14.188Z] <<< [apiv2][body] GET https://firebase.googleapis.com/v1beta1/projects/ifiok-362716 {"projectId":"ifiok-362716","projectNumber":"211073269577","displayName":"ifiok","name":"projects/ifiok-362716","resources":{"hostingSite":"ifiok-362716","realtimeDatabaseInstance":"ifiok-362716-default-rtdb","storageBucket":"ifiok-362716.appspot.com","locationId":"us-central"},"state":"ACTIVE","etag":"1_33894976-a199-4052-b1a6-fabdb889e05d"}
[info] i  Using project ifiok-362716 (ifiok) 
[info] 
=== Database Setup
[info] i  database: ensuring required API firebasedatabase.googleapis.com is enabled... 
[debug] [2022-11-11T02:25:14.263Z] >>> [apiv2][query] GET https://serviceusage.googleapis.com/v1/projects/ifiok-362716/services/firebasedatabase.googleapis.com [none]
[debug] [2022-11-11T02:25:14.264Z] >>> [apiv2][(partial)header] GET https://serviceusage.googleapis.com/v1/projects/ifiok-362716/services/firebasedatabase.googleapis.com x-goog-quota-user=projects/ifiok-362716
[debug] [2022-11-11T02:25:14.789Z] <<< [apiv2][status] GET https://serviceusage.googleapis.com/v1/projects/ifiok-362716/services/firebasedatabase.googleapis.com 200
[debug] [2022-11-11T02:25:14.790Z] <<< [apiv2][body] GET https://serviceusage.googleapis.com/v1/projects/ifiok-362716/services/firebasedatabase.googleapis.com [omitted]
[info] +  database: required API firebasedatabase.googleapis.com is enabled 
[info] 
[debug] [2022-11-11T02:25:14.793Z] >>> [apiv2][query] GET https://firebasedatabase.googleapis.com/v1beta/projects/ifiok-362716/locations/-/instances/ifiok-362716-default-rtdb [none]
[debug] [2022-11-11T02:25:18.360Z] <<< [apiv2][status] GET https://firebasedatabase.googleapis.com/v1beta/projects/ifiok-362716/locations/-/instances/ifiok-362716-default-rtdb 200
[debug] [2022-11-11T02:25:18.360Z] <<< [apiv2][body] GET https://firebasedatabase.googleapis.com/v1beta/projects/ifiok-362716/locations/-/instances/ifiok-362716-default-rtdb {"name":"projects/211073269577/locations/us-central1/instances/ifiok-362716-default-rtdb","project":"projects/211073269577","databaseUrl":"https://ifiok-362716-default-rtdb.firebaseio.com","type":"DEFAULT_DATABASE","state":"DISABLED"}
[info] 
[info] Firebase Realtime Database Security Rules allow you to define how your data should be
[info] structured and when your data can be read from and written to.
[info] 
[debug] [2022-11-11T02:25:22.376Z] >>> [apiv2][query] GET https://ifiok-362716-default-rtdb.firebaseio.com/.settings/rules.json [none]
[debug] [2022-11-11T02:25:22.719Z] <<< [apiv2][status] GET https://ifiok-362716-default-rtdb.firebaseio.com/.settings/rules.json 200
[debug] [2022-11-11T02:25:22.719Z] <<< [apiv2][body] GET https://ifiok-362716-default-rtdb.firebaseio.com/.settings/rules.json [stream]
[info] +  Database Rules for ifiok-362716-default-rtdb have been written to database.rules.json. 
[info] Future modifications to database.rules.json will update Realtime Database Security Rules when you run
[info] firebase deploy.
[info] 
=== Firestore Setup
[debug] [2022-11-11T02:25:22.792Z] >>> [apiv2][query] GET https://serviceusage.googleapis.com/v1/projects/ifiok-362716/services/firestore.googleapis.com [none]
[debug] [2022-11-11T02:25:22.792Z] >>> [apiv2][(partial)header] GET https://serviceusage.googleapis.com/v1/projects/ifiok-362716/services/firestore.googleapis.com x-goog-quota-user=projects/ifiok-362716
[debug] [2022-11-11T02:25:23.123Z] <<< [apiv2][status] GET https://serviceusage.googleapis.com/v1/projects/ifiok-362716/services/firestore.googleapis.com 200
[debug] [2022-11-11T02:25:23.123Z] <<< [apiv2][body] GET https://serviceusage.googleapis.com/v1/projects/ifiok-362716/services/firestore.googleapis.com [omitted]
[debug] [2022-11-11T02:25:23.123Z] >>> [apiv2][query] GET https://appengine.googleapis.com/v1/apps/ifiok-362716 [none]
[debug] [2022-11-11T02:25:23.532Z] <<< [apiv2][status] GET https://appengine.googleapis.com/v1/apps/ifiok-362716 200
[debug] [2022-11-11T02:25:23.532Z] <<< [apiv2][body] GET https://appengine.googleapis.com/v1/apps/ifiok-362716 {"name":"apps/ifiok-362716","id":"ifiok-362716","authDomain":"gmail.com","locationId":"us-central","codeBucket":"staging.ifiok-362716.appspot.com","servingStatus":"SERVING","defaultHostname":"ifiok-362716.uc.r.appspot.com","defaultBucket":"ifiok-362716.appspot.com","serviceAccount":"ifiok-362716@appspot.gserviceaccount.com","gcrDomain":"us.gcr.io","databaseType":"CLOUD_FIRESTORE","featureSettings":{"splitHealthChecks":true,"useContainerOptimizedOs":true}}
[debug] [2022-11-11T02:25:23.532Z] database_type: CLOUD_FIRESTORE
[debug] [2022-11-11T02:25:23.533Z] > command requires scopes: ["email","openid","https://www.googleapis.com/auth/cloudplatformprojects.readonly","https://www.googleapis.com/auth/firebase","https://www.googleapis.com/auth/cloud-platform"]
[debug] [2022-11-11T02:25:23.533Z] > authorizing via signed-in user (afangidehisrael@gmail.com)
[debug] [2022-11-11T02:25:23.533Z] [iam] checking project ifiok-362716 for permissions ["firebase.projects.get"]
[debug] [2022-11-11T02:25:23.534Z] >>> [apiv2][query] POST https://cloudresourcemanager.googleapis.com/v1/projects/ifiok-362716:testIamPermissions [none]
[debug] [2022-11-11T02:25:23.534Z] >>> [apiv2][(partial)header] POST https://cloudresourcemanager.googleapis.com/v1/projects/ifiok-362716:testIamPermissions x-goog-quota-user=projects/ifiok-362716
[debug] [2022-11-11T02:25:23.534Z] >>> [apiv2][body] POST https://cloudresourcemanager.googleapis.com/v1/projects/ifiok-362716:testIamPermissions {"permissions":["firebase.projects.get"]}
[debug] [2022-11-11T02:25:36.459Z] <<< [apiv2][status] POST https://cloudresourcemanager.googleapis.com/v1/projects/ifiok-362716:testIamPermissions 200
[debug] [2022-11-11T02:25:36.459Z] <<< [apiv2][body] POST https://cloudresourcemanager.googleapis.com/v1/projects/ifiok-362716:testIamPermissions {"permissions":["firebase.projects.get"]}
[info] 
[info] Firestore Security Rules allow you to define how and when to allow
[info] requests. You can keep these rules in your project directory
[info] and publish them with firebase deploy.
[info] 
[info] 
[info] Firestore indexes allow you to perform complex queries while
[info] maintaining performance that scales with the size of the result
[info] set. You can keep index definitions in your project directory
[info] and publish them with firebase deploy.
[info] 
[info] 
=== Functions Setup
[debug] [2022-11-11T02:25:48.400Z] > command requires scopes: ["email","openid","https://www.googleapis.com/auth/cloudplatformprojects.readonly","https://www.googleapis.com/auth/firebase","https://www.googleapis.com/auth/cloud-platform"]
[debug] [2022-11-11T02:25:48.400Z] > authorizing via signed-in user (afangidehisrael@gmail.com)
[debug] [2022-11-11T02:25:48.400Z] [iam] checking project ifiok-362716 for permissions ["firebase.projects.get"]
[debug] [2022-11-11T02:25:48.401Z] >>> [apiv2][query] POST https://cloudresourcemanager.googleapis.com/v1/projects/ifiok-362716:testIamPermissions [none]
[debug] [2022-11-11T02:25:48.401Z] >>> [apiv2][(partial)header] POST https://cloudresourcemanager.googleapis.com/v1/projects/ifiok-362716:testIamPermissions x-goog-quota-user=projects/ifiok-362716
[debug] [2022-11-11T02:25:48.401Z] >>> [apiv2][body] POST https://cloudresourcemanager.googleapis.com/v1/projects/ifiok-362716:testIamPermissions {"permissions":["firebase.projects.get"]}
[debug] [2022-11-11T02:25:48.646Z] <<< [apiv2][status] POST https://cloudresourcemanager.googleapis.com/v1/projects/ifiok-362716:testIamPermissions 200
[debug] [2022-11-11T02:25:48.646Z] <<< [apiv2][body] POST https://cloudresourcemanager.googleapis.com/v1/projects/ifiok-362716:testIamPermissions {"permissions":["firebase.projects.get"]}
[debug] [2022-11-11T02:25:48.647Z] >>> [apiv2][query] GET https://serviceusage.googleapis.com/v1/projects/ifiok-362716/services/cloudfunctions.googleapis.com [none]
[debug] [2022-11-11T02:25:48.647Z] >>> [apiv2][(partial)header] GET https://serviceusage.googleapis.com/v1/projects/ifiok-362716/services/cloudfunctions.googleapis.com x-goog-quota-user=projects/ifiok-362716
[debug] [2022-11-11T02:25:48.649Z] >>> [apiv2][query] GET https://serviceusage.googleapis.com/v1/projects/ifiok-362716/services/runtimeconfig.googleapis.com [none]
[debug] [2022-11-11T02:25:48.649Z] >>> [apiv2][(partial)header] GET https://serviceusage.googleapis.com/v1/projects/ifiok-362716/services/runtimeconfig.googleapis.com x-goog-quota-user=projects/ifiok-362716
[debug] [2022-11-11T02:25:48.984Z] <<< [apiv2][status] GET https://serviceusage.googleapis.com/v1/projects/ifiok-362716/services/runtimeconfig.googleapis.com 200
[debug] [2022-11-11T02:25:48.984Z] <<< [apiv2][body] GET https://serviceusage.googleapis.com/v1/projects/ifiok-362716/services/runtimeconfig.googleapis.com [omitted]
[debug] [2022-11-11T02:25:48.987Z] <<< [apiv2][status] GET https://serviceusage.googleapis.com/v1/projects/ifiok-362716/services/cloudfunctions.googleapis.com 200
[debug] [2022-11-11T02:25:48.987Z] <<< [apiv2][body] GET https://serviceusage.googleapis.com/v1/projects/ifiok-362716/services/cloudfunctions.googleapis.com [omitted]
[debug] [2022-11-11T02:25:48.988Z] >>> [apiv2][query] POST https://serviceusage.googleapis.com/v1/projects/ifiok-362716/services/cloudfunctions.googleapis.com:enable [none]
[debug] [2022-11-11T02:25:48.988Z] >>> [apiv2][(partial)header] POST https://serviceusage.googleapis.com/v1/projects/ifiok-362716/services/cloudfunctions.googleapis.com:enable x-goog-quota-user=projects/ifiok-362716
[debug] [2022-11-11T02:25:49.852Z] <<< [apiv2][status] POST https://serviceusage.googleapis.com/v1/projects/ifiok-362716/services/cloudfunctions.googleapis.com:enable 200
[debug] [2022-11-11T02:25:49.852Z] <<< [apiv2][body] POST https://serviceusage.googleapis.com/v1/projects/ifiok-362716/services/cloudfunctions.googleapis.com:enable [omitted]
[debug] [2022-11-11T02:25:59.869Z] >>> [apiv2][query] GET https://serviceusage.googleapis.com/v1/projects/ifiok-362716/services/cloudfunctions.googleapis.com [none]
[debug] [2022-11-11T02:25:59.869Z] >>> [apiv2][(partial)header] GET https://serviceusage.googleapis.com/v1/projects/ifiok-362716/services/cloudfunctions.googleapis.com x-goog-quota-user=projects/ifiok-362716
[debug] [2022-11-11T02:26:00.206Z] <<< [apiv2][status] GET https://serviceusage.googleapis.com/v1/projects/ifiok-362716/services/cloudfunctions.googleapis.com 200
[debug] [2022-11-11T02:26:00.207Z] <<< [apiv2][body] GET https://serviceusage.googleapis.com/v1/projects/ifiok-362716/services/cloudfunctions.googleapis.com [omitted]
[info] Let's create a new codebase for your functions.
[info] A directory corresponding to the codebase will be created in your project
[info] with sample code pre-configured.

[info] See https://firebase.google.com/docs/functions/organize-functions for
[info] more information on organizing your functions using codebases.

[info] Functions can be deployed with firebase deploy.

[info] +  Wrote functions/package.json 
[info] +  Wrote functions/.eslintrc.js 
[info] +  Wrote functions/tsconfig.json 
[info] +  Wrote functions/tsconfig.dev.json 
[info] +  Wrote functions/src/index.ts 
[info] +  Wrote functions/.gitignore 
[info] 
=== Hosting Setup
[debug] [2022-11-11T02:28:21.924Z] Error: Unable to determine format for workspace path.
    at Object.readWorkspace (C:\CurrentProjects\Andikappa\Andi-Kappa-Translator-App-\andikappa\andi-angular\node_modules\@angular-devkit\core\src\workspace\core.js:86:15)
    at async getContext (C:\Users\2234381\AppData\Roaming\npm\node_modules\firebase-tools\lib\frameworks\angular\index.js:144:27)
    at async discover (C:\Users\2234381\AppData\Roaming\npm\node_modules\firebase-tools\lib\frameworks\angular\index.js:20:30)
    at async discover (C:\Users\2234381\AppData\Roaming\npm\node_modules\firebase-tools\lib\frameworks\index.js:77:32)
    at async doSetup (C:\Users\2234381\AppData\Roaming\npm\node_modules\firebase-tools\lib\init\features\hosting\index.js:54:31)
    at async init (C:\Users\2234381\AppData\Roaming\npm\node_modules\firebase-tools\lib\init\index.js:36:9)
[error] 
[error] Error: An unexpected error has occurred.
